# JRE version: Java(TM) SE Runtime Environment (8.0_201-b09) (build 1.8.0_201-b09)
# Java VM: Java HotSpot(TM) 64-Bit Server VM (25.201-b09 mixed mode linux-amd64 compressed oops)
Heap:
 PSYoungGen      total 108544K, used 192K [0x00000000de700000, 0x00000000e5300000, 0x0000000100000000)
  eden space 106496K, 0% used [0x00000000de700000,0x00000000de700000,0x00000000e4f00000)
  from space 2048K, 9% used [0x00000000e4f00000,0x00000000e4f30000,0x00000000e5100000)
  to   space 2048K, 0% used [0x00000000e5100000,0x00000000e5100000,0x00000000e5300000)
 ParOldGen       total 95744K, used 78405K [0x000000009b400000, 0x00000000a1180000, 0x00000000de700000)
  object space 95744K, 81% used [0x000000009b400000,0x00000000a00916f0,0x00000000a1180000)
 Metaspace       used 10755K, capacity 10950K, committed 11136K, reserved 1058816K
  class space    used 1200K, capacity 1283K, committed 1408K, reserved 1048576K
GC Heap History (10 events):
Event: 2.487 GC heap after
Heap after GC invocations=2 (full 0):
 PSYoungGen      total 30720K, used 1668K [0x00000000de700000, 0x00000000e2300000, 0x0000000100000000)
  eden space 26624K, 0% used [0x00000000de700000,0x00000000de700000,0x00000000e0100000)
  from space 4096K, 40% used [0x00000000e0500000,0x00000000e06a1040,0x00000000e0900000)
  to   space 4096K, 0% used [0x00000000e0100000,0x00000000e0100000,0x00000000e0500000)
 ParOldGen       total 95744K, used 76824K [0x000000009b400000, 0x00000000a1180000, 0x00000000de700000)
  object space 95744K, 80% used [0x000000009b400000,0x000000009ff06030,0x00000000a1180000)
 Metaspace       used 10379K, capacity 10534K, committed 10752K, reserved 1058816K
  class space    used 1175K, capacity 1251K, committed 1280K, reserved 1048576K
}
Event: 2.732 GC heap before
{Heap before GC invocations=3 (full 0):
 PSYoungGen      total 30720K, used 28292K [0x00000000de700000, 0x00000000e2300000, 0x0000000100000000)
  eden space 26624K, 100% used [0x00000000de700000,0x00000000e0100000,0x00000000e0100000)
  from space 4096K, 40% used [0x00000000e0500000,0x00000000e06a1040,0x00000000e0900000)
  to   space 4096K, 0% used [0x00000000e0100000,0x00000000e0100000,0x00000000e0500000)
 ParOldGen       total 95744K, used 76824K [0x000000009b400000, 0x00000000a1180000, 0x00000000de700000)
  object space 95744K, 80% used [0x000000009b400000,0x000000009ff06030,0x00000000a1180000)
 Metaspace       used 10447K, capacity 10598K, committed 10752K, reserved 1058816K
  class space    used 1178K, capacity 1251K, committed 1280K, reserved 1048576K
Event: 2.738 GC heap after
Heap after GC invocations=3 (full 0):
 PSYoungGen      total 30720K, used 1586K [0x00000000de700000, 0x00000000e2300000, 0x0000000100000000)
  eden space 26624K, 0% used [0x00000000de700000,0x00000000de700000,0x00000000e0100000)
  from space 4096K, 38% used [0x00000000e0100000,0x00000000e028c820,0x00000000e0500000)
  to   space 4096K, 0% used [0x00000000e1f00000,0x00000000e1f00000,0x00000000e2300000)
 ParOldGen       total 95744K, used 76832K [0x000000009b400000, 0x00000000a1180000, 0x00000000de700000)
  object space 95744K, 80% used [0x000000009b400000,0x000000009ff08030,0x00000000a1180000)
 Metaspace       used 10447K, capacity 10598K, committed 10752K, reserved 1058816K
  class space    used 1178K, capacity 1251K, committed 1280K, reserved 1048576K
}
Event: 2.919 GC heap before
{Heap before GC invocations=4 (full 0):
 PSYoungGen      total 30720K, used 28210K [0x00000000de700000, 0x00000000e2300000, 0x0000000100000000)
  eden space 26624K, 100% used [0x00000000de700000,0x00000000e0100000,0x00000000e0100000)
  from space 4096K, 38% used [0x00000000e0100000,0x00000000e028c820,0x00000000e0500000)
  to   space 4096K, 0% used [0x00000000e1f00000,0x00000000e1f00000,0x00000000e2300000)
 ParOldGen       total 95744K, used 76832K [0x000000009b400000, 0x00000000a1180000, 0x00000000de700000)
  object space 95744K, 80% used [0x000000009b400000,0x000000009ff08030,0x00000000a1180000)
 Metaspace       used 10480K, capacity 10662K, committed 10752K, reserved 1058816K
  class space    used 1178K, capacity 1251K, committed 1280K, reserved 1048576K
Event: 2.922 GC heap after
Heap after GC invocations=4 (full 0):
 PSYoungGen      total 57344K, used 1584K [0x00000000de700000, 0x00000000e2300000, 0x0000000100000000)
  eden space 53248K, 0% used [0x00000000de700000,0x00000000de700000,0x00000000e1b00000)
  from space 4096K, 38% used [0x00000000e1f00000,0x00000000e208c010,0x00000000e2300000)
  to   space 4096K, 0% used [0x00000000e1b00000,0x00000000e1b00000,0x00000000e1f00000)
 ParOldGen       total 95744K, used 76840K [0x000000009b400000, 0x00000000a1180000, 0x00000000de700000)
  object space 95744K, 80% used [0x000000009b400000,0x000000009ff0a030,0x00000000a1180000)
 Metaspace       used 10480K, capacity 10662K, committed 10752K, reserved 1058816K
  class space    used 1178K, capacity 1251K, committed 1280K, reserved 1048576K
}
Event: 3.259 GC heap before
{Heap before GC invocations=5 (full 0):
 PSYoungGen      total 57344K, used 54832K [0x00000000de700000, 0x00000000e2300000, 0x0000000100000000)
  eden space 53248K, 100% used [0x00000000de700000,0x00000000e1b00000,0x00000000e1b00000)
  from space 4096K, 38% used [0x00000000e1f00000,0x00000000e208c010,0x00000000e2300000)
  to   space 4096K, 0% used [0x00000000e1b00000,0x00000000e1b00000,0x00000000e1f00000)
 ParOldGen       total 95744K, used 76840K [0x000000009b400000, 0x00000000a1180000, 0x00000000de700000)
  object space 95744K, 80% used [0x000000009b400000,0x000000009ff0a030,0x00000000a1180000)
 Metaspace       used 10657K, capacity 10822K, committed 11136K, reserved 1058816K
  class space    used 1200K, capacity 1283K, committed 1408K, reserved 1048576K
Event: 3.263 GC heap after
Heap after GC invocations=5 (full 0):
 PSYoungGen      total 57344K, used 1714K [0x00000000de700000, 0x00000000e5300000, 0x0000000100000000)
  eden space 53248K, 0% used [0x00000000de700000,0x00000000de700000,0x00000000e1b00000)
  from space 4096K, 41% used [0x00000000e1b00000,0x00000000e1cac820,0x00000000e1f00000)
  to   space 2048K, 0% used [0x00000000e5100000,0x00000000e5100000,0x00000000e5300000)
 ParOldGen       total 95744K, used 76848K [0x000000009b400000, 0x00000000a1180000, 0x00000000de700000)
  object space 95744K, 80% used [0x000000009b400000,0x000000009ff0c030,0x00000000a1180000)
 Metaspace       used 10657K, capacity 10822K, committed 11136K, reserved 1058816K
  class space    used 1200K, capacity 1283K, committed 1408K, reserved 1048576K
}
Event: 3.466 GC heap before
{Heap before GC invocations=6 (full 0):
 PSYoungGen      total 57344K, used 54962K [0x00000000de700000, 0x00000000e5300000, 0x0000000100000000)
  eden space 53248K, 100% used [0x00000000de700000,0x00000000e1b00000,0x00000000e1b00000)
  from space 4096K, 41% used [0x00000000e1b00000,0x00000000e1cac820,0x00000000e1f00000)
  to   space 2048K, 0% used [0x00000000e5100000,0x00000000e5100000,0x00000000e5300000)
 ParOldGen       total 95744K, used 76848K [0x000000009b400000, 0x00000000a1180000, 0x00000000de700000)
  object space 95744K, 80% used [0x000000009b400000,0x000000009ff0c030,0x00000000a1180000)
 Metaspace       used 10727K, capacity 10886K, committed 11136K, reserved 1058816K
  class space    used 1200K, capacity 1283K, committed 1408K, reserved 1048576K
Event: 3.470 GC heap after
Heap after GC invocations=6 (full 0):
 PSYoungGen      total 108544K, used 1728K [0x00000000de700000, 0x00000000e5300000, 0x0000000100000000)
  eden space 106496K, 0% used [0x00000000de700000,0x00000000de700000,0x00000000e4f00000)
  from space 2048K, 84% used [0x00000000e5100000,0x00000000e52b0000,0x00000000e5300000)
  to   space 2048K, 0% used [0x00000000e4f00000,0x00000000e4f00000,0x00000000e5100000)
 ParOldGen       total 95744K, used 76856K [0x000000009b400000, 0x00000000a1180000, 0x00000000de700000)
  object space 95744K, 80% used [0x000000009b400000,0x000000009ff0e030,0x00000000a1180000)
 Metaspace       used 10727K, capacity 10886K, committed 11136K, reserved 1058816K
  class space    used 1200K, capacity 1283K, committed 1408K, reserved 1048576K
}
Event: 3.951 GC heap before
{Heap before GC invocations=7 (full 0):
 PSYoungGen      total 108544K, used 108224K [0x00000000de700000, 0x00000000e5300000, 0x0000000100000000)
  eden space 106496K, 100% used [0x00000000de700000,0x00000000e4f00000,0x00000000e4f00000)
  from space 2048K, 84% used [0x00000000e5100000,0x00000000e52b0000,0x00000000e5300000)
  to   space 2048K, 0% used [0x00000000e4f00000,0x00000000e4f00000,0x00000000e5100000)
 ParOldGen       total 95744K, used 76856K [0x000000009b400000, 0x00000000a1180000, 0x00000000de700000)
  object space 95744K, 80% used [0x000000009b400000,0x000000009ff0e030,0x00000000a1180000)
 Metaspace       used 10755K, capacity 10950K, committed 11136K, reserved 1058816K
  class space    used 1200K, capacity 1283K, committed 1408K, reserved 1048576K

