# JRE version: Java(TM) SE Runtime Environment (8.0_201-b09) (build 1.8.0_201-b09)
# Java VM: Java HotSpot(TM) 64-Bit Server VM (25.201-b09 mixed mode linux-amd64 compressed oops)
Heap:
 PSYoungGen      total 108544K, used 256K [0x00000000de700000, 0x00000000e5300000, 0x0000000100000000)
  eden space 106496K, 0% used [0x00000000de700000,0x00000000de700000,0x00000000e4f00000)
  from space 2048K, 12% used [0x00000000e4f00000,0x00000000e4f40000,0x00000000e5100000)
  to   space 2048K, 0% used [0x00000000e5100000,0x00000000e5100000,0x00000000e5300000)
 ParOldGen       total 95744K, used 78137K [0x000000009b400000, 0x00000000a1180000, 0x00000000de700000)
  object space 95744K, 81% used [0x000000009b400000,0x00000000a004e598,0x00000000a1180000)
 Metaspace       used 10425K, capacity 10598K, committed 10752K, reserved 1058816K
  class space    used 1177K, capacity 1251K, committed 1280K, reserved 1048576K
GC Heap History (10 events):
Event: 5.866 GC heap after
Heap after GC invocations=2 (full 0):
 PSYoungGen      total 30720K, used 1440K [0x00000000de700000, 0x00000000e2300000, 0x0000000100000000)
  eden space 26624K, 0% used [0x00000000de700000,0x00000000de700000,0x00000000e0100000)
  from space 4096K, 35% used [0x00000000e0500000,0x00000000e0668000,0x00000000e0900000)
  to   space 4096K, 0% used [0x00000000e0100000,0x00000000e0100000,0x00000000e0500000)
 ParOldGen       total 95744K, used 76816K [0x000000009b400000, 0x00000000a1180000, 0x00000000de700000)
  object space 95744K, 80% used [0x000000009b400000,0x000000009ff04030,0x00000000a1180000)
 Metaspace       used 9352K, capacity 9510K, committed 9600K, reserved 1058816K
  class space    used 1054K, capacity 1123K, committed 1152K, reserved 1048576K
}
Event: 5.993 GC heap before
{Heap before GC invocations=3 (full 0):
 PSYoungGen      total 30720K, used 28064K [0x00000000de700000, 0x00000000e2300000, 0x0000000100000000)
  eden space 26624K, 100% used [0x00000000de700000,0x00000000e0100000,0x00000000e0100000)
  from space 4096K, 35% used [0x00000000e0500000,0x00000000e0668000,0x00000000e0900000)
  to   space 4096K, 0% used [0x00000000e0100000,0x00000000e0100000,0x00000000e0500000)
 ParOldGen       total 95744K, used 76816K [0x000000009b400000, 0x00000000a1180000, 0x00000000de700000)
  object space 95744K, 80% used [0x000000009b400000,0x000000009ff04030,0x00000000a1180000)
 Metaspace       used 9697K, capacity 9862K, committed 10240K, reserved 1058816K
  class space    used 1090K, capacity 1155K, committed 1280K, reserved 1048576K
Event: 6.015 GC heap after
Heap after GC invocations=3 (full 0):
 PSYoungGen      total 30720K, used 1506K [0x00000000de700000, 0x00000000e2300000, 0x0000000100000000)
  eden space 26624K, 0% used [0x00000000de700000,0x00000000de700000,0x00000000e0100000)
  from space 4096K, 36% used [0x00000000e0100000,0x00000000e0278830,0x00000000e0500000)
  to   space 4096K, 0% used [0x00000000e1f00000,0x00000000e1f00000,0x00000000e2300000)
 ParOldGen       total 95744K, used 76824K [0x000000009b400000, 0x00000000a1180000, 0x00000000de700000)
  object space 95744K, 80% used [0x000000009b400000,0x000000009ff06030,0x00000000a1180000)
 Metaspace       used 9697K, capacity 9862K, committed 10240K, reserved 1058816K
  class space    used 1090K, capacity 1155K, committed 1280K, reserved 1048576K
}
Event: 6.145 GC heap before
{Heap before GC invocations=4 (full 0):
 PSYoungGen      total 30720K, used 28130K [0x00000000de700000, 0x00000000e2300000, 0x0000000100000000)
  eden space 26624K, 100% used [0x00000000de700000,0x00000000e0100000,0x00000000e0100000)
  from space 4096K, 36% used [0x00000000e0100000,0x00000000e0278830,0x00000000e0500000)
  to   space 4096K, 0% used [0x00000000e1f00000,0x00000000e1f00000,0x00000000e2300000)
 ParOldGen       total 95744K, used 76824K [0x000000009b400000, 0x00000000a1180000, 0x00000000de700000)
  object space 95744K, 80% used [0x000000009b400000,0x000000009ff06030,0x00000000a1180000)
 Metaspace       used 9810K, capacity 10022K, committed 10240K, reserved 1058816K
  class space    used 1099K, capacity 1187K, committed 1280K, reserved 1048576K
Event: 6.192 GC heap after
Heap after GC invocations=4 (full 0):
 PSYoungGen      total 57344K, used 1508K [0x00000000de700000, 0x00000000e2300000, 0x0000000100000000)
  eden space 53248K, 0% used [0x00000000de700000,0x00000000de700000,0x00000000e1b00000)
  from space 4096K, 36% used [0x00000000e1f00000,0x00000000e2079040,0x00000000e2300000)
  to   space 4096K, 0% used [0x00000000e1b00000,0x00000000e1b00000,0x00000000e1f00000)
 ParOldGen       total 95744K, used 76832K [0x000000009b400000, 0x00000000a1180000, 0x00000000de700000)
  object space 95744K, 80% used [0x000000009b400000,0x000000009ff08030,0x00000000a1180000)
 Metaspace       used 9810K, capacity 10022K, committed 10240K, reserved 1058816K
  class space    used 1099K, capacity 1187K, committed 1280K, reserved 1048576K
}
Event: 6.914 GC heap before
{Heap before GC invocations=5 (full 0):
 PSYoungGen      total 57344K, used 54756K [0x00000000de700000, 0x00000000e2300000, 0x0000000100000000)
  eden space 53248K, 100% used [0x00000000de700000,0x00000000e1b00000,0x00000000e1b00000)
  from space 4096K, 36% used [0x00000000e1f00000,0x00000000e2079040,0x00000000e2300000)
  to   space 4096K, 0% used [0x00000000e1b00000,0x00000000e1b00000,0x00000000e1f00000)
 ParOldGen       total 95744K, used 76832K [0x000000009b400000, 0x00000000a1180000, 0x00000000de700000)
  object space 95744K, 80% used [0x000000009b400000,0x000000009ff08030,0x00000000a1180000)
 Metaspace       used 9941K, capacity 10086K, committed 10240K, reserved 1058816K
  class space    used 1114K, capacity 1187K, committed 1280K, reserved 1048576K
Event: 6.925 GC heap after
Heap after GC invocations=5 (full 0):
 PSYoungGen      total 57344K, used 1586K [0x00000000de700000, 0x00000000e5300000, 0x0000000100000000)
  eden space 53248K, 0% used [0x00000000de700000,0x00000000de700000,0x00000000e1b00000)
  from space 4096K, 38% used [0x00000000e1b00000,0x00000000e1c8c820,0x00000000e1f00000)
  to   space 2048K, 0% used [0x00000000e5100000,0x00000000e5100000,0x00000000e5300000)
 ParOldGen       total 95744K, used 76840K [0x000000009b400000, 0x00000000a1180000, 0x00000000de700000)
  object space 95744K, 80% used [0x000000009b400000,0x000000009ff0a030,0x00000000a1180000)
 Metaspace       used 9941K, capacity 10086K, committed 10240K, reserved 1058816K
  class space    used 1114K, capacity 1187K, committed 1280K, reserved 1048576K
}
Event: 7.086 GC heap before
{Heap before GC invocations=6 (full 0):
 PSYoungGen      total 57344K, used 54834K [0x00000000de700000, 0x00000000e5300000, 0x0000000100000000)
  eden space 53248K, 100% used [0x00000000de700000,0x00000000e1b00000,0x00000000e1b00000)
  from space 4096K, 38% used [0x00000000e1b00000,0x00000000e1c8c820,0x00000000e1f00000)
  to   space 2048K, 0% used [0x00000000e5100000,0x00000000e5100000,0x00000000e5300000)
 ParOldGen       total 95744K, used 76840K [0x000000009b400000, 0x00000000a1180000, 0x00000000de700000)
  object space 95744K, 80% used [0x000000009b400000,0x000000009ff0a030,0x00000000a1180000)
 Metaspace       used 10226K, capacity 10374K, committed 10496K, reserved 1058816K
  class space    used 1153K, capacity 1219K, committed 1280K, reserved 1048576K
Event: 7.090 GC heap after
Heap after GC invocations=6 (full 0):
 PSYoungGen      total 108544K, used 1618K [0x00000000de700000, 0x00000000e5300000, 0x0000000100000000)
  eden space 106496K, 0% used [0x00000000de700000,0x00000000de700000,0x00000000e4f00000)
  from space 2048K, 79% used [0x00000000e5100000,0x00000000e5294820,0x00000000e5300000)
  to   space 2048K, 0% used [0x00000000e4f00000,0x00000000e4f00000,0x00000000e5100000)
 ParOldGen       total 95744K, used 76848K [0x000000009b400000, 0x00000000a1180000, 0x00000000de700000)
  object space 95744K, 80% used [0x000000009b400000,0x000000009ff0c030,0x00000000a1180000)
 Metaspace       used 10226K, capacity 10374K, committed 10496K, reserved 1058816K
  class space    used 1153K, capacity 1219K, committed 1280K, reserved 1048576K
}
Event: 8.111 GC heap before
{Heap before GC invocations=7 (full 0):
 PSYoungGen      total 108544K, used 108114K [0x00000000de700000, 0x00000000e5300000, 0x0000000100000000)
  eden space 106496K, 100% used [0x00000000de700000,0x00000000e4f00000,0x00000000e4f00000)
  from space 2048K, 79% used [0x00000000e5100000,0x00000000e5294820,0x00000000e5300000)
  to   space 2048K, 0% used [0x00000000e4f00000,0x00000000e4f00000,0x00000000e5100000)
 ParOldGen       total 95744K, used 76848K [0x000000009b400000, 0x00000000a1180000, 0x00000000de700000)
  object space 95744K, 80% used [0x000000009b400000,0x000000009ff0c030,0x00000000a1180000)
 Metaspace       used 10425K, capacity 10598K, committed 10752K, reserved 1058816K
  class space    used 1177K, capacity 1251K, committed 1280K, reserved 1048576K

